  GameScene.cpp
C:\Users\K020J1172\Desktop\チーム制作\Time-Create\チーム制作\チーム制作\GameScene.cpp(1,1): warning C4819: ファイルは、現在のコード ページ (932) で表示できない文字を含んでいます。データの損失を防ぐために、ファイルを Unicode 形式で保存してください。
C:\DxLib_VC\プロジェクトに追加すべきファイル_VC用\DxLib.h(3811,1): warning C4819: ファイルは、現在のコード ページ (932) で表示できない文字を含んでいます。データの損失を防ぐために、ファイルを Unicode 形式で保存してください。
C:\Users\K020J1172\Desktop\チーム制作\Time-Create\チーム制作\チーム制作\GameObject.h(244,23): warning C4244: 'return': 'float' から 'int' への変換です。データが失われる可能性があります。
C:\Users\K020J1172\Desktop\チーム制作\Time-Create\チーム制作\チーム制作\GameScene.cpp(58,31): warning C4244: '引数': 'float' から 'int' への変換です。データが失われる可能性があります。
C:\Users\K020J1172\Desktop\チーム制作\Time-Create\チーム制作\チーム制作\GameScene.cpp(58,20): warning C4244: '引数': 'float' から 'int' への変換です。データが失われる可能性があります。
C:\Users\K020J1172\Desktop\チーム制作\Time-Create\チーム制作\チーム制作\GameScene.cpp(59,33): warning C4244: '引数': 'float' から 'int' への変換です。データが失われる可能性があります。
C:\Users\K020J1172\Desktop\チーム制作\Time-Create\チーム制作\チーム制作\GameScene.cpp(59,21): warning C4244: '引数': 'float' から 'int' への変換です。データが失われる可能性があります。
C:\Users\K020J1172\Desktop\チーム制作\Time-Create\チーム制作\チーム制作\GameScene.cpp(60,33): warning C4244: '引数': 'float' から 'int' への変換です。データが失われる可能性があります。
C:\Users\K020J1172\Desktop\チーム制作\Time-Create\チーム制作\チーム制作\GameScene.cpp(60,21): warning C4244: '引数': 'float' から 'int' への変換です。データが失われる可能性があります。
C:\Users\K020J1172\Desktop\チーム制作\Time-Create\チーム制作\チーム制作\GameScene.cpp(62,39): warning C4244: '引数': 'float' から 'int' への変換です。データが失われる可能性があります。
C:\Users\K020J1172\Desktop\チーム制作\Time-Create\チーム制作\チーム制作\GameScene.cpp(62,24): warning C4244: '引数': 'float' から 'int' への変換です。データが失われる可能性があります。
C:\Users\K020J1172\Desktop\チーム制作\Time-Create\チーム制作\チーム制作\GameScene.cpp(67,32): warning C4244: '引数': 'float' から 'int' への変換です。データが失われる可能性があります。
C:\Users\K020J1172\Desktop\チーム制作\Time-Create\チーム制作\チーム制作\GameScene.cpp(67,21): warning C4244: '引数': 'float' から 'int' への変換です。データが失われる可能性があります。
C:\Users\K020J1172\Desktop\チーム制作\Time-Create\チーム制作\チーム制作\GameScene.cpp(68,34): warning C4244: '引数': 'float' から 'int' への変換です。データが失われる可能性があります。
C:\Users\K020J1172\Desktop\チーム制作\Time-Create\チーム制作\チーム制作\GameScene.cpp(68,22): warning C4244: '引数': 'float' から 'int' への変換です。データが失われる可能性があります。
C:\Users\K020J1172\Desktop\チーム制作\Time-Create\チーム制作\チーム制作\GameScene.cpp(72,32): warning C4244: '引数': 'float' から 'int' への変換です。データが失われる可能性があります。
C:\Users\K020J1172\Desktop\チーム制作\Time-Create\チーム制作\チーム制作\GameScene.cpp(72,21): warning C4244: '引数': 'float' から 'int' への変換です。データが失われる可能性があります。
C:\Users\K020J1172\Desktop\チーム制作\Time-Create\チーム制作\チーム制作\GameScene.cpp(73,34): warning C4244: '引数': 'float' から 'int' への変換です。データが失われる可能性があります。
C:\Users\K020J1172\Desktop\チーム制作\Time-Create\チーム制作\チーム制作\GameScene.cpp(73,22): warning C4244: '引数': 'float' から 'int' への変換です。データが失われる可能性があります。
C:\Users\K020J1172\Desktop\チーム制作\Time-Create\チーム制作\チーム制作\GameScene.cpp(77,32): warning C4244: '引数': 'float' から 'int' への変換です。データが失われる可能性があります。
C:\Users\K020J1172\Desktop\チーム制作\Time-Create\チーム制作\チーム制作\GameScene.cpp(77,21): warning C4244: '引数': 'float' から 'int' への変換です。データが失われる可能性があります。
C:\Users\K020J1172\Desktop\チーム制作\Time-Create\チーム制作\チーム制作\GameScene.cpp(78,34): warning C4244: '引数': 'float' から 'int' への変換です。データが失われる可能性があります。
C:\Users\K020J1172\Desktop\チーム制作\Time-Create\チーム制作\チーム制作\GameScene.cpp(78,22): warning C4244: '引数': 'float' から 'int' への変換です。データが失われる可能性があります。
C:\Users\K020J1172\Desktop\チーム制作\Time-Create\チーム制作\チーム制作\GameScene.cpp(83,36): warning C4244: '引数': 'float' から 'int' への変換です。データが失われる可能性があります。
C:\Users\K020J1172\Desktop\チーム制作\Time-Create\チーム制作\チーム制作\GameScene.cpp(83,23): warning C4244: '引数': 'float' から 'int' への変換です。データが失われる可能性があります。
C:\Users\K020J1172\Desktop\チーム制作\Time-Create\チーム制作\チーム制作\GameScene.cpp(94,31): warning C4244: '引数': 'float' から 'int' への変換です。データが失われる可能性があります。
C:\Users\K020J1172\Desktop\チーム制作\Time-Create\チーム制作\チーム制作\GameScene.cpp(94,20): warning C4244: '引数': 'float' から 'int' への変換です。データが失われる可能性があります。
C:\Users\K020J1172\Desktop\チーム制作\Time-Create\チーム制作\チーム制作\GameScene.cpp(95,33): warning C4244: '引数': 'float' から 'int' への変換です。データが失われる可能性があります。
C:\Users\K020J1172\Desktop\チーム制作\Time-Create\チーム制作\チーム制作\GameScene.cpp(95,21): warning C4244: '引数': 'float' から 'int' への変換です。データが失われる可能性があります。
C:\Users\K020J1172\Desktop\チーム制作\Time-Create\チーム制作\チーム制作\GameScene.cpp(96,33): warning C4244: '引数': 'float' から 'int' への変換です。データが失われる可能性があります。
C:\Users\K020J1172\Desktop\チーム制作\Time-Create\チーム制作\チーム制作\GameScene.cpp(96,21): warning C4244: '引数': 'float' から 'int' への変換です。データが失われる可能性があります。
C:\Users\K020J1172\Desktop\チーム制作\Time-Create\チーム制作\チーム制作\GameScene.cpp(97,37): warning C4244: '引数': 'float' から 'int' への変換です。データが失われる可能性があります。
C:\Users\K020J1172\Desktop\チーム制作\Time-Create\チーム制作\チーム制作\GameScene.cpp(97,23): warning C4244: '引数': 'float' から 'int' への変換です。データが失われる可能性があります。
C:\Users\K020J1172\Desktop\チーム制作\Time-Create\チーム制作\チーム制作\GameScene.cpp(359,28): warning C4244: '引数': 'int' から 'float' への変換です。データが失われる可能性があります。
C:\Users\K020J1172\Desktop\チーム制作\Time-Create\チーム制作\チーム制作\GameScene.cpp(366,28): warning C4244: '引数': 'int' から 'float' への変換です。データが失われる可能性があります。
C:\Users\K020J1172\Desktop\チーム制作\Time-Create\チーム制作\チーム制作\GameScene.cpp(373,28): warning C4244: '引数': 'int' から 'float' への変換です。データが失われる可能性があります。
C:\Users\K020J1172\Desktop\チーム制作\Time-Create\チーム制作\チーム制作\GameScene.cpp(384,28): warning C4244: '引数': 'int' から 'float' への変換です。データが失われる可能性があります。
C:\Users\K020J1172\Desktop\チーム制作\Time-Create\チーム制作\チーム制作\GameScene.cpp(391,28): warning C4244: '引数': 'int' から 'float' への変換です。データが失われる可能性があります。
C:\Users\K020J1172\Desktop\チーム制作\Time-Create\チーム制作\チーム制作\GameScene.cpp(398,28): warning C4244: '引数': 'int' から 'float' への変換です。データが失われる可能性があります。
C:\Users\K020J1172\Desktop\チーム制作\Time-Create\チーム制作\チーム制作\GameScene.cpp(409,28): warning C4244: '引数': 'int' から 'float' への変換です。データが失われる可能性があります。
C:\Users\K020J1172\Desktop\チーム制作\Time-Create\チーム制作\チーム制作\GameScene.cpp(416,28): warning C4244: '引数': 'int' から 'float' への変換です。データが失われる可能性があります。
C:\Users\K020J1172\Desktop\チーム制作\Time-Create\チーム制作\チーム制作\GameScene.cpp(423,28): warning C4244: '引数': 'int' から 'float' への変換です。データが失われる可能性があります。
  チーム制作.vcxproj -> C:\Users\K020J1172\Desktop\チーム制作\Time-Create\チーム制作\x64\Debug\チーム制作.exe
