  GameScene.cpp
C:\Users\K020J1172\Desktop\チーム制作\Time-Create\チーム制作\チーム制作\GameScene.cpp(1,1): warning C4819: ファイルは、現在のコード ページ (932) で表示できない文字を含んでいます。データの損失を防ぐために、ファイルを Unicode 形式で保存してください。
C:\DxLib_VC\プロジェクトに追加すべきファイル_VC用\DxLib.h(3811,1): warning C4819: ファイルは、現在のコード ページ (932) で表示できない文字を含んでいます。データの損失を防ぐために、ファイルを Unicode 形式で保存してください。
C:\Users\K020J1172\Desktop\チーム制作\Time-Create\チーム制作\チーム制作\GameObject.h(255,23): warning C4244: 'return': 'float' から 'int' への変換です。データが失われる可能性があります。
C:\Users\K020J1172\Desktop\チーム制作\Time-Create\チーム制作\チーム制作\GameScene.cpp(68,31): warning C4244: '引数': 'float' から 'int' への変換です。データが失われる可能性があります。
C:\Users\K020J1172\Desktop\チーム制作\Time-Create\チーム制作\チーム制作\GameScene.cpp(68,20): warning C4244: '引数': 'float' から 'int' への変換です。データが失われる可能性があります。
C:\Users\K020J1172\Desktop\チーム制作\Time-Create\チーム制作\チーム制作\GameScene.cpp(69,33): warning C4244: '引数': 'float' から 'int' への変換です。データが失われる可能性があります。
C:\Users\K020J1172\Desktop\チーム制作\Time-Create\チーム制作\チーム制作\GameScene.cpp(69,21): warning C4244: '引数': 'float' から 'int' への変換です。データが失われる可能性があります。
C:\Users\K020J1172\Desktop\チーム制作\Time-Create\チーム制作\チーム制作\GameScene.cpp(71,39): warning C4244: '引数': 'float' から 'int' への変換です。データが失われる可能性があります。
C:\Users\K020J1172\Desktop\チーム制作\Time-Create\チーム制作\チーム制作\GameScene.cpp(71,24): warning C4244: '引数': 'float' から 'int' への変換です。データが失われる可能性があります。
C:\Users\K020J1172\Desktop\チーム制作\Time-Create\チーム制作\チーム制作\GameScene.cpp(76,32): warning C4244: '引数': 'float' から 'int' への変換です。データが失われる可能性があります。
C:\Users\K020J1172\Desktop\チーム制作\Time-Create\チーム制作\チーム制作\GameScene.cpp(76,21): warning C4244: '引数': 'float' から 'int' への変換です。データが失われる可能性があります。
C:\Users\K020J1172\Desktop\チーム制作\Time-Create\チーム制作\チーム制作\GameScene.cpp(77,34): warning C4244: '引数': 'float' から 'int' への変換です。データが失われる可能性があります。
C:\Users\K020J1172\Desktop\チーム制作\Time-Create\チーム制作\チーム制作\GameScene.cpp(77,22): warning C4244: '引数': 'float' から 'int' への変換です。データが失われる可能性があります。
C:\Users\K020J1172\Desktop\チーム制作\Time-Create\チーム制作\チーム制作\GameScene.cpp(82,36): warning C4244: '引数': 'float' から 'int' への変換です。データが失われる可能性があります。
C:\Users\K020J1172\Desktop\チーム制作\Time-Create\チーム制作\チーム制作\GameScene.cpp(82,23): warning C4244: '引数': 'float' から 'int' への変換です。データが失われる可能性があります。
C:\Users\K020J1172\Desktop\チーム制作\Time-Create\チーム制作\チーム制作\GameScene.cpp(93,31): warning C4244: '引数': 'float' から 'int' への変換です。データが失われる可能性があります。
C:\Users\K020J1172\Desktop\チーム制作\Time-Create\チーム制作\チーム制作\GameScene.cpp(93,20): warning C4244: '引数': 'float' から 'int' への変換です。データが失われる可能性があります。
C:\Users\K020J1172\Desktop\チーム制作\Time-Create\チーム制作\チーム制作\GameScene.cpp(94,37): warning C4244: '引数': 'float' から 'int' への変換です。データが失われる可能性があります。
C:\Users\K020J1172\Desktop\チーム制作\Time-Create\チーム制作\チーム制作\GameScene.cpp(94,23): warning C4244: '引数': 'float' から 'int' への変換です。データが失われる可能性があります。
C:\Users\K020J1172\Desktop\チーム制作\Time-Create\チーム制作\チーム制作\GameScene.cpp(168,35): warning C4805: '==': 演算中の 'int' 型と 'bool' 型の混用は安全ではありません
C:\Users\K020J1172\Desktop\チーム制作\Time-Create\チーム制作\チーム制作\GameScene.cpp(172,34): warning C4805: '==': 演算中の 'int' 型と 'bool' 型の混用は安全ではありません
  コード生成しています。
  3 of 268 functions ( 1.1%) were compiled, the rest were copied from previous compilation.
    0 functions were new in current compilation
    0 functions had inline decision re-evaluated but remain unchanged
  コード生成が終了しました。
  チーム制作.vcxproj -> C:\Users\K020J1172\Desktop\チーム制作\Time-Create\チーム制作\x64\Release\チーム制作.exe
